<?xml version="1.0" encoding="UTF-8"?>
<!-- Generated by org.testng.reporters.JUnitReportReporter -->
<testsuite hostname="Rishabhs-MacBook-Air.local" failures="0" tests="4" name="Runner.runnerClass" time="7.517" errors="0" timestamp="2022-06-27T01:57:48 IST" skipped="0">
  <testcase classname="Runner.runnerClass" name="Test_002_sameEmailAddress" time="0.224"/>
  <system-out/>
  <testcase classname="Runner.runnerClass" name="Test_001_createUser" time="6.561"/>
  <system-out/>
  <testcase classname="Runner.runnerClass" name="Test_003_invalidEmail" time="0.384"/>
  <system-out/>
  <testcase classname="Runner.runnerClass" name="Test_004_fetchEntries" time="0.348"/>
  <system-out/>
</testsuite> <!-- Runner.runnerClass -->
