<?xml version="1.0" encoding="UTF-8"?>
<!-- Generated by org.testng.reporters.JUnitReportReporter -->
<testsuite hostname="Rishabhs-MacBook-Air.local" failures="0" tests="5" name="org.testing.TestScript.TestCases" time="6.036" errors="0" timestamp="2022-06-27T01:01:17 IST" skipped="4">
  <testcase classname="org.testing.TestScript.TestCases" name="createUser" time="6.036"/>
  <system-out/>
  <testcase classname="org.testing.TestScript.TestCases" name="invalidEmail">
    <skipped/>
  </testcase> <!-- invalidEmail -->
  <system-out/>
  <testcase classname="org.testing.TestScript.TestCases" name="TC02_">
    <skipped/>
  </testcase> <!-- TC02_ -->
  <system-out/>
  <testcase classname="org.testing.TestScript.TestCases" name="fetchEntries">
    <skipped/>
  </testcase> <!-- fetchEntries -->
  <system-out/>
  <testcase classname="org.testing.TestScript.TestCases" name="userFieldsMissing">
    <skipped/>
  </testcase> <!-- userFieldsMissing -->
  <system-out/>
</testsuite> <!-- org.testing.TestScript.TestCases -->
