<?xml version="1.0" encoding="UTF-8"?>
<!-- Generated by org.testng.reporters.JUnitReportReporter -->
<testsuite hostname="Rishabhs-MacBook-Air.local" failures="0" tests="5" name="org.testing.TestScript.TestCases" time="5.909" errors="0" timestamp="2022-06-26T15:24:22 IST" skipped="3">
  <testcase classname="org.testing.TestScript.TestCases" name="fetchEntries" time="0.422"/>
  <system-out/>
  <testcase classname="org.testing.TestScript.TestCases" name="createUser" time="5.487"/>
  <system-out/>
  <testcase classname="org.testing.TestScript.TestCases" name="TC02_">
    <skipped/>
  </testcase> <!-- TC02_ -->
  <system-out/>
  <testcase classname="org.testing.TestScript.TestCases" name="userFieldsMissing">
    <skipped/>
  </testcase> <!-- userFieldsMissing -->
  <system-out/>
  <testcase classname="org.testing.TestScript.TestCases" name="invalidEmail">
    <skipped/>
  </testcase> <!-- invalidEmail -->
  <system-out/>
</testsuite> <!-- org.testing.TestScript.TestCases -->
