<?xml version="1.0" encoding="UTF-8"?>
<!-- Generated by org.testng.reporters.JUnitReportReporter -->
<testsuite hostname="Rishabhs-MacBook-Air.local" failures="0" tests="4" name="Runner.ApiTestCases" time="5.567" errors="0" timestamp="2022-06-28T02:16:08 IST" skipped="0">
  <testcase classname="Runner.ApiTestCases" name="Test_003_invalidEmail" time="0.186"/>
  <system-out/>
  <testcase classname="Runner.ApiTestCases" name="Test_004_fetchEntries" time="0.290"/>
  <system-out/>
  <testcase classname="Runner.ApiTestCases" name="Test_002_sameEmailAddress" time="0.236"/>
  <system-out/>
  <testcase classname="Runner.ApiTestCases" name="Test_001_createUser" time="4.855"/>
  <system-out/>
</testsuite> <!-- Runner.ApiTestCases -->
